<?xml version="1.0" encoding="UTF-8"?>
<testng-results ignored="0" total="1" passed="1" failed="0" skipped="0">
  <reporter-output>
  </reporter-output>
  <suite started-at="2020-10-26T18:09:53Z" name="Default suite" finished-at="2020-10-26T18:10:29Z" duration-ms="35821">
    <groups>
    </groups>
    <test started-at="2020-10-26T18:09:53Z" name="Default test" finished-at="2020-10-26T18:10:29Z" duration-ms="35821">
      <class name="Test.searchTest">
        <test-method signature="loginpage()[pri:0, instance:Test.searchTest@48aca48b]" started-at="2020-10-26T23:39:53Z" name="loginpage" finished-at="2020-10-26T23:40:29Z" duration-ms="35794" status="PASS">
          <reporter-output>
          </reporter-output>
        </test-method> <!-- loginpage -->
      </class> <!-- Test.searchTest -->
    </test> <!-- Default test -->
  </suite> <!-- Default suite -->
</testng-results>
